빌드 시작: 2021-04-13 오후 1:48:06
     1>2 노드의 "D:\Project1\Project1\Project1.vcxproj" 프로젝트(Build 대상)입니다.
     1>ClCompile:
         D:\Program Files\Visual Studio 2013\VC\bin\CL.exe /c /ZI /nologo /W3 /WX- /sdl /Od /Oy- /D _MBCS /D _MBCS /D _CRT_SECURE_NO_WARNINGS /Gm /EHsc /RTC1 /MDd /GS /fp:precise /Zc:wchar_t /Zc:forScope /Fo"Debug\\" /Fd"Debug\vc120.pdb" /Gd /TP /analyze- /errorReport:prompt 1002.cpp
         1002.cpp
         D:\Program Files\Visual Studio 2013\VC\bin\CL.exe /c /ZI /nologo /W3 /WX- /sdl /Od /Oy- /D _MBCS /D _MBCS /D _CRT_SECURE_NO_WARNINGS /Gm /EHsc /RTC1 /MDd /GS /fp:precise /Zc:wchar_t /Zc:forScope /Fo"Debug\\" /Fd"Debug\vc120.pdb" /Gd /TP /analyze- /errorReport:prompt 1003.cpp main.cpp
         main.cpp
         1003.cpp
         코드를 생성하고 있습니다...
       Link:
         D:\Program Files\Visual Studio 2013\VC\bin\link.exe /ERRORREPORT:PROMPT /OUT:"D:\Project1\Debug\Project1.exe" /INCREMENTAL /NOLOGO kernel32.lib user32.lib gdi32.lib winspool.lib comdlg32.lib advapi32.lib shell32.lib ole32.lib oleaut32.lib uuid.lib odbc32.lib odbccp32.lib /MANIFEST /MANIFESTUAC:"level='asInvoker' uiAccess='false'" /manifest:embed /DEBUG /PDB:"D:\Project1\Debug\Project1.pdb" /TLBID:1 /DYNAMICBASE /NXCOMPAT /IMPLIB:"D:\Project1\Debug\Project1.lib" /MACHINE:X86 Debug\1000.obj
         Debug\1001.obj
         Debug\1002.obj
         Debug\1003.obj
         Debug\main.obj
     1>main.obj : error LNK2005: _main이(가) 1003.obj에 이미 정의되어 있습니다.
     1>D:\Project1\Debug\Project1.exe : fatal error LNK1169: 여러 번 정의된 기호가 있습니다.
     1>"D:\Project1\Project1\Project1.vcxproj" 프로젝트를 빌드했습니다(Build 대상). - 실패

빌드하지 못했습니다.

경과 시간: 00:00:01.33
